1491167108452	geckodriver	INFO	Listening on 127.0.0.1:59580
1491167109808	mozprofile::profile	INFO	Using profile path /tmp/rust_mozprofile.yuLLMiTj7GZr
1491167109810	geckodriver::marionette	INFO	Starting browser /usr/bin/firefox
1491167109842	geckodriver::marionette	INFO	Connecting to Marionette on localhost:39352
1491167111910	Marionette	INFO	Listening on port 39352
1491167117883	Marionette	WARN	Using deprecated data structure for setting timeouts
1491167227372	geckodriver	INFO	Listening on 127.0.0.1:35518
1491167228485	mozprofile::profile	INFO	Using profile path /tmp/rust_mozprofile.hk1A6ztshoW0
1491167228486	geckodriver::marionette	INFO	Starting browser /usr/bin/firefox
1491167228488	geckodriver::marionette	INFO	Connecting to Marionette on localhost:37105
1491167231348	Marionette	INFO	Listening on port 37105
1491167237425	Marionette	WARN	Using deprecated data structure for setting timeouts
1491167418419	geckodriver	INFO	Listening on 127.0.0.1:49993
1491167419599	mozprofile::profile	INFO	Using profile path /tmp/rust_mozprofile.SdtBYA3HTSq9
1491167419600	geckodriver::marionette	INFO	Starting browser /usr/bin/firefox
1491167419604	geckodriver::marionette	INFO	Connecting to Marionette on localhost:34201
1491167421991	Marionette	INFO	Listening on port 34201
1491167427058	Marionette	WARN	Using deprecated data structure for setting timeouts
1491167478874	geckodriver	INFO	Listening on 127.0.0.1:45241
1491167480033	mozprofile::profile	INFO	Using profile path /tmp/rust_mozprofile.mq7kHEGATN7j
1491167480034	geckodriver::marionette	INFO	Starting browser /usr/bin/firefox
1491167480040	geckodriver::marionette	INFO	Connecting to Marionette on localhost:41490
1491167481423	Marionette	INFO	Listening on port 41490
1491167485943	Marionette	WARN	Using deprecated data structure for setting timeouts
1491167574012	geckodriver	INFO	Listening on 127.0.0.1:40542
1491167575155	mozprofile::profile	INFO	Using profile path /tmp/rust_mozprofile.eFRAjrPXL2fe
1491167575156	geckodriver::marionette	INFO	Starting browser /usr/bin/firefox
1491167575158	geckodriver::marionette	INFO	Connecting to Marionette on localhost:41327
1491167576493	Marionette	INFO	Listening on port 41327
1491167581280	Marionette	WARN	Using deprecated data structure for setting timeouts
1491167697424	geckodriver	INFO	Listening on 127.0.0.1:56489
1491167698582	mozprofile::profile	INFO	Using profile path /tmp/rust_mozprofile.r8ftVbja9Dym
1491167698583	geckodriver::marionette	INFO	Starting browser /usr/bin/firefox
1491167698586	geckodriver::marionette	INFO	Connecting to Marionette on localhost:37411
1491167699957	Marionette	INFO	Listening on port 37411
1491167704648	Marionette	WARN	Using deprecated data structure for setting timeouts
1491167723709	Marionette	INFO	New connections will no longer be accepted
[Child 6515] WARNING: pipe error (30): Connection reset by peer: file /build/firefox-ZWwcnj/firefox-52.0.1+build2/ipc/chromium/src/chrome/common/ipc_channel_posix.cc, line 322
[Child 6515] ###!!! ABORT: Aborting on channel error.: file /build/firefox-ZWwcnj/firefox-52.0.1+build2/ipc/glue/MessageChannel.cpp, line 2143
[Child 6515] ###!!! ABORT: Aborting on channel error.: file /build/firefox-ZWwcnj/firefox-52.0.1+build2/ipc/glue/MessageChannel.cpp, line 2143

###!!! [Child][MessageChannel] Error: (msgtype=0x3E0003,name=PCompositable::Msg_Destroy) Channel error: cannot send/recv


###!!! [Child][MessageChannel] Error: (msgtype=0x3E0003,name=PCompositable::Msg_Destroy) Channel error: cannot send/recv


###!!! [Child][MessageChannel] Error: (msgtype=0xE40003,name=PTexture::Msg_Destroy) Channel error: cannot send/recv


###!!! [Child][MessageChannel] Error: (msgtype=0x3E0003,name=PCompositable::Msg_Destroy) Channel error: cannot send/recv


###!!! [Child][MessageChannel] Error: (msgtype=0xE40003,name=PTexture::Msg_Destroy) Channel error: cannot send/recv


###!!! [Child][MessageChannel] Error: (msgtype=0x3E0003,name=PCompositable::Msg_Destroy) Channel error: cannot send/recv


###!!! [Child][MessageChannel] Error: (msgtype=0xE40003,name=PTexture::Msg_Destroy) Channel error: cannot send/recv

1491167804531	geckodriver	INFO	Listening on 127.0.0.1:55686
1491167805659	mozprofile::profile	INFO	Using profile path /tmp/rust_mozprofile.XaJbj1MwWc2I
1491167805660	geckodriver::marionette	INFO	Starting browser /usr/bin/firefox
1491167805661	geckodriver::marionette	INFO	Connecting to Marionette on localhost:41729
1491167807254	Marionette	INFO	Listening on port 41729
1491167812656	Marionette	WARN	Using deprecated data structure for setting timeouts
1491168271856	Marionette	INFO	New connections will no longer be accepted
[Child 6647] ###!!! ABORT: Aborting on channel error.: file /build/firefox-ZWwcnj/firefox-52.0.1+build2/ipc/glue/MessageChannel.cpp, line 2143
[Child 6647] ###!!! ABORT: Aborting on channel error.: file /build/firefox-ZWwcnj/firefox-52.0.1+build2/ipc/glue/MessageChannel.cpp, line 2143

###!!! [Child][MessageChannel] Error: (msgtype=0xE40003,name=PTexture::Msg_Destroy) Channel error: cannot send/recv


###!!! [Child][MessageChannel] Error: (msgtype=0x3E0003,name=PCompositable::Msg_Destroy) Channel error: cannot send/recv


###!!! [Child][MessageChannel] Error: (msgtype=0xE40003,name=PTexture::Msg_Destroy) Channel error: cannot send/recv


###!!! [Child][MessageChannel] Error: (msgtype=0x3E0003,name=PCompositable::Msg_Destroy) Channel error: cannot send/recv


###!!! [Child][MessageChannel] Error: (msgtype=0x3E0003,name=PCompositable::Msg_Destroy) Channel error: cannot send/recv


###!!! [Child][MessageChannel] Error: (msgtype=0xE40003,name=PTexture::Msg_Destroy) Channel error: cannot send/recv


###!!! [Child][MessageChannel] Error: (msgtype=0x3E0003,name=PCompositable::Msg_Destroy) Channel error: cannot send/recv


###!!! [Child][MessageChannel] Error: (msgtype=0x3E0003,name=PCompositable::Msg_Destroy) Channel error: cannot send/recv


###!!! [Child][MessageChannel] Error: (msgtype=0xE40003,name=PTexture::Msg_Destroy) Channel error: cannot send/recv


###!!! [Child][MessageChannel] Error: (msgtype=0x3E0003,name=PCompositable::Msg_Destroy) Channel error: cannot send/recv


###!!! [Child][MessageChannel] Error: (msgtype=0xE40003,name=PTexture::Msg_Destroy) Channel error: cannot send/recv


###!!! [Child][MessageChannel] Error: (msgtype=0x3E0003,name=PCompositable::Msg_Destroy) Channel error: cannot send/recv


###!!! [Child][MessageChannel] Error: (msgtype=0xE40003,name=PTexture::Msg_Destroy) Channel error: cannot send/recv


###!!! [Child][MessageChannel] Error: (msgtype=0x3E0003,name=PCompositable::Msg_Destroy) Channel error: cannot send/recv

