1489959671691	geckodriver	INFO	Listening on 127.0.0.1:57356
1489959673386	mozprofile::profile	INFO	Using profile path /tmp/rust_mozprofile.c9P9QyiNK8HG
1489959673391	geckodriver::marionette	INFO	Starting browser /usr/bin/firefox
1489959673397	geckodriver::marionette	INFO	Connecting to Marionette on localhost:36135
1489959681408	Marionette	INFO	Listening on port 36135
1489959865929	geckodriver	INFO	Listening on 127.0.0.1:51131
1489959867462	mozprofile::profile	INFO	Using profile path /tmp/rust_mozprofile.i8qRFHfmoNee
1489959867466	geckodriver::marionette	INFO	Starting browser /usr/bin/firefox
1489959867473	geckodriver::marionette	INFO	Connecting to Marionette on localhost:46445
1489959874207	Marionette	INFO	Listening on port 46445
1489959892092	Marionette	WARN	Using deprecated data structure for setting timeouts
1489959903992	Marionette	INFO	New connections will no longer be accepted
[Child 4269] WARNING: pipe error (3): Connection reset by peer: file /build/firefox-ZQQBpC/firefox-52.0+build2/ipc/chromium/src/chrome/common/ipc_channel_posix.cc, line 322
[Child 4269] ###!!! ABORT: Aborting on channel error.: file /build/firefox-ZQQBpC/firefox-52.0+build2/ipc/glue/MessageChannel.cpp, line 2143
[Child 4269] ###!!! ABORT: Aborting on channel error.: file /build/firefox-ZQQBpC/firefox-52.0+build2/ipc/glue/MessageChannel.cpp, line 2143
*************************
A coding exception was thrown and uncaught in a Task.

Full message: TypeError: NetworkError when attempting to fetch resource.
Full stack: 
*************************
1489960289682	geckodriver	INFO	Listening on 127.0.0.1:38150
1489960291252	mozprofile::profile	INFO	Using profile path /tmp/rust_mozprofile.bFn3XvUBObmf
1489960291257	geckodriver::marionette	INFO	Starting browser /usr/bin/firefox
1489960291266	geckodriver::marionette	INFO	Connecting to Marionette on localhost:38636
1489960297487	Marionette	INFO	Listening on port 38636
1489960309681	Marionette	WARN	Using deprecated data structure for setting timeouts
*************************
A coding exception was thrown and uncaught in a Task.

Full message: TypeError: NetworkError when attempting to fetch resource.
Full stack: 
*************************
1489961727213	Marionette	INFO	New connections will no longer be accepted
[Child 4435] ###!!! ABORT: Aborting on channel error.: file /build/firefox-ZQQBpC/firefox-52.0+build2/ipc/glue/MessageChannel.cpp, line 2143
[Child 4435] ###!!! ABORT: Aborting on channel error.: file /build/firefox-ZQQBpC/firefox-52.0+build2/ipc/glue/MessageChannel.cpp, line 2143

###!!! [Child][MessageChannel] Error: (msgtype=0x3E0003,name=PCompositable::Msg_Destroy) Channel error: cannot send/recv


###!!! [Child][MessageChannel] Error: (msgtype=0x3E0003,name=PCompositable::Msg_Destroy) Channel error: cannot send/recv

1489962301397	geckodriver	INFO	Listening on 127.0.0.1:60847
1489962302602	mozprofile::profile	INFO	Using profile path /tmp/rust_mozprofile.BcuAIaVP7aG9
1489962302603	geckodriver::marionette	INFO	Starting browser /usr/bin/firefox
1489962302605	geckodriver::marionette	INFO	Connecting to Marionette on localhost:38200
1489962304745	Marionette	INFO	Listening on port 38200
1489962309363	Marionette	WARN	Using deprecated data structure for setting timeouts
1489962359254	Marionette	INFO	New connections will no longer be accepted
[Child 5625] ###!!! ABORT: Aborting on channel error.: file /build/firefox-ZQQBpC/firefox-52.0+build2/ipc/glue/MessageChannel.cpp, line 2143

###!!! [Child][MessageChannel] Error: (msgtype=0x3E0003,name=PCompositable::Msg_Destroy) Channel error: cannot send/recv

[Child 5625] ###!!! ABORT: Aborting on channel error.: file /build/firefox-ZQQBpC/firefox-52.0+build2/ipc/glue/MessageChannel.cpp, line 2143
1489962407597	geckodriver	INFO	Listening on 127.0.0.1:41348
1489962408762	mozprofile::profile	INFO	Using profile path /tmp/rust_mozprofile.U0No5ILcw4Dr
1489962408762	geckodriver::marionette	INFO	Starting browser /usr/bin/firefox
1489962408765	geckodriver::marionette	INFO	Connecting to Marionette on localhost:35484
1489962410704	Marionette	INFO	Listening on port 35484
1489962415422	Marionette	WARN	Using deprecated data structure for setting timeouts
1489962418801	Marionette	INFO	New connections will no longer be accepted

###!!! [Child][MessageChannel] Error: (msgtype=0x3E0003,name=PCompositable::Msg_Destroy) Channel error: cannot send/recv


###!!! [Child][MessageChannel] Error: (msgtype=0x3E0003,name=PCompositable::Msg_Destroy) Channel error: cannot send/recv

[Child 5760] ###!!! ABORT: Aborting on channel error.: file /build/firefox-ZQQBpC/firefox-52.0+build2/ipc/glue/MessageChannel.cpp, line 2143
[Child 5760] ###!!! ABORT: Aborting on channel error.: file /build/firefox-ZQQBpC/firefox-52.0+build2/ipc/glue/MessageChannel.cpp, line 2143
